2025-02-14 11:30:27,329 - INFO - Server is starting up...
2025-02-14 11:30:27,332 - INFO - Connecting to 149.154.167.51:443/TcpFull...
2025-02-14 11:30:30,565 - INFO - Connection to 149.154.167.51:443/TcpFull complete!
2025-02-14 11:31:06,534 - INFO - Phone migrated to 4
2025-02-14 11:31:06,740 - INFO - Reconnecting to new data center 4
2025-02-14 11:31:06,968 - INFO - Disconnecting from 149.154.167.51:443/TcpFull...
2025-02-14 11:31:06,973 - INFO - Disconnection from 149.154.167.51:443/TcpFull complete!
2025-02-14 11:31:06,977 - INFO - Connecting to 149.154.167.91:443/TcpFull...
2025-02-14 11:31:10,373 - INFO - Connection to 149.154.167.91:443/TcpFull complete!
2025-02-14 11:31:29,171 - INFO - Telegram monitoring started.
2025-02-14 11:34:28,096 - INFO - Detected contract in DegenGambles: DariUNjYueuCpof33rygxuXkYsWXpiZFFY3rXUGGpump
2025-02-14 11:34:28,099 - ERROR - Unhandled exception on new_message_handler
Traceback (most recent call last):
  File "/usr/local/lib/python3.10/dist-packages/telethon/client/updates.py", line 570, in _dispatch_update
    await callback(event)
  File "/home/userland/xcute/telegram_monitor.py", line 50, in new_message_handler
    await websocket_manager.broadcast(json.dumps({
NameError: name 'json' is not defined
2025-02-14 11:35:25,541 - INFO - Server is shutting down...
2025-02-14 11:36:47,433 - INFO - Server is starting up...
2025-02-14 11:36:47,434 - INFO - Connecting to 149.154.167.91:443/TcpFull...
2025-02-14 11:36:47,671 - INFO - Connection to 149.154.167.91:443/TcpFull complete!
2025-02-14 11:36:48,829 - INFO - Telegram monitoring started.
2025-02-14 11:38:39,168 - INFO - Got difference for account updates
2025-02-14 11:39:27,765 - INFO - Got difference for channel 2099286836 updates
2025-02-14 11:39:47,128 - INFO - Got difference for channel 2099286836 updates
2025-02-14 11:40:37,110 - INFO - Got difference for channel 2099286836 updates
2025-02-14 11:41:49,797 - INFO - Got difference for channel 2099286836 updates
2025-02-14 11:42:37,107 - INFO - Got difference for channel 2099286836 updates
2025-02-14 11:43:49,383 - INFO - No contract detected in 4AM Solana Volume Signal.
2025-02-14 11:43:49,928 - INFO - Got difference for channel 2099286836 updates
2025-02-14 11:44:50,068 - INFO - Got difference for channel 2099286836 updates
2025-02-14 11:45:32,814 - INFO - Got difference for channel 2099286836 updates
2025-02-14 11:45:45,805 - INFO - Got difference for channel 2099286836 updates
2025-02-14 11:46:50,124 - INFO - Got difference for channel 2099286836 updates
2025-02-14 11:47:24,423 - INFO - Got difference for channel 2099286836 updates
2025-02-14 11:48:50,193 - INFO - Got difference for channel 2099286836 updates
2025-02-14 11:49:49,647 - INFO - No contract detected in Savannah Wakanda ℗.
2025-02-14 11:49:50,306 - INFO - Got difference for channel 2099286836 updates
2025-02-14 11:50:04,509 - INFO - Detected contract in Savannah Wakanda ℗: DariUNjYueuCpof33rygxuXkYsWXpiZFFY3rXUGGpump
2025-02-14 11:50:04,517 - ERROR - Unhandled exception on new_message_handler
Traceback (most recent call last):
  File "/usr/local/lib/python3.10/dist-packages/telethon/client/updates.py", line 570, in _dispatch_update
    await callback(event)
  File "/home/userland/xcute/telegram_monitor.py", line 50, in new_message_handler
    await websocket_manager.broadcast(json.dumps({
NameError: name 'json' is not defined
2025-02-14 11:50:51,028 - INFO - Got difference for channel 2099286836 updates
2025-02-14 11:51:50,650 - INFO - Got difference for channel 2099286836 updates
2025-02-14 11:52:50,315 - INFO - Got difference for channel 2099286836 updates
2025-02-14 11:53:39,831 - INFO - Got difference for channel 1835067347 updates
2025-02-14 11:53:40,342 - INFO - Got difference for channel 2099286836 updates
2025-02-14 11:54:02,578 - INFO - No contract detected in Solsta's Shills.
2025-02-14 11:54:11,078 - WARNING - Server closed the connection: [Errno 103] Software caused connection abort
2025-02-14 11:54:11,082 - INFO - Connection closed while receiving data: [Errno 103] Software caused connection abort
2025-02-14 11:54:11,084 - INFO - Closing current connection to begin reconnect...
2025-02-14 11:54:11,177 - INFO - Connecting to 149.154.167.91:443/TcpFull...
2025-02-14 11:54:11,197 - INFO - <class 'ConnectionAbortedError'> during disconnect: [Errno 103] Software caused connection abort
2025-02-14 11:54:11,198 - WARNING - Attempt 1 at connecting failed: OSError: [Errno 101] Network is unreachable
2025-02-14 11:54:12,205 - WARNING - Attempt 2 at connecting failed: OSError: [Errno 101] Network is unreachable
2025-02-14 11:54:13,209 - WARNING - Attempt 3 at connecting failed: OSError: [Errno 101] Network is unreachable
2025-02-14 11:54:14,214 - WARNING - Attempt 4 at connecting failed: OSError: [Errno 101] Network is unreachable
2025-02-14 11:54:15,220 - WARNING - Attempt 5 at connecting failed: OSError: [Errno 101] Network is unreachable
2025-02-14 11:54:16,228 - WARNING - Attempt 6 at connecting failed: OSError: [Errno 101] Network is unreachable
2025-02-14 11:54:17,232 - INFO - Failed reconnection attempt 1 with ConnectionError
2025-02-14 11:54:18,234 - INFO - Connecting to 149.154.167.91:443/TcpFull...
2025-02-14 11:54:18,240 - WARNING - Attempt 1 at connecting failed: OSError: [Errno 101] Network is unreachable
2025-02-14 11:54:19,244 - WARNING - Attempt 2 at connecting failed: OSError: [Errno 101] Network is unreachable
2025-02-14 11:54:20,247 - WARNING - Attempt 3 at connecting failed: OSError: [Errno 101] Network is unreachable
2025-02-14 11:54:21,251 - WARNING - Attempt 4 at connecting failed: OSError: [Errno 101] Network is unreachable
2025-02-14 11:54:22,256 - WARNING - Attempt 5 at connecting failed: OSError: [Errno 101] Network is unreachable
2025-02-14 11:54:23,261 - WARNING - Attempt 6 at connecting failed: OSError: [Errno 101] Network is unreachable
2025-02-14 11:54:24,263 - INFO - Failed reconnection attempt 2 with ConnectionError
2025-02-14 11:54:25,266 - INFO - Connecting to 149.154.167.91:443/TcpFull...
2025-02-14 11:54:25,272 - WARNING - Attempt 1 at connecting failed: OSError: [Errno 101] Network is unreachable
2025-02-14 11:54:26,279 - WARNING - Attempt 2 at connecting failed: OSError: [Errno 101] Network is unreachable
2025-02-14 11:54:27,286 - WARNING - Attempt 3 at connecting failed: OSError: [Errno 101] Network is unreachable
2025-02-14 11:54:28,291 - WARNING - Attempt 4 at connecting failed: OSError: [Errno 101] Network is unreachable
2025-02-14 11:54:29,297 - WARNING - Attempt 5 at connecting failed: OSError: [Errno 101] Network is unreachable
2025-02-14 11:54:30,303 - WARNING - Attempt 6 at connecting failed: OSError: [Errno 101] Network is unreachable
2025-02-14 11:54:31,307 - INFO - Failed reconnection attempt 3 with ConnectionError
2025-02-14 11:54:32,309 - INFO - Connecting to 149.154.167.91:443/TcpFull...
2025-02-14 11:54:32,318 - WARNING - Attempt 1 at connecting failed: OSError: [Errno 101] Network is unreachable
2025-02-14 11:54:33,326 - WARNING - Attempt 2 at connecting failed: OSError: [Errno 101] Network is unreachable
2025-02-14 11:54:34,333 - WARNING - Attempt 3 at connecting failed: OSError: [Errno 101] Network is unreachable
2025-02-14 11:54:35,341 - WARNING - Attempt 4 at connecting failed: OSError: [Errno 101] Network is unreachable
2025-02-14 11:54:36,352 - WARNING - Attempt 5 at connecting failed: OSError: [Errno 101] Network is unreachable
2025-02-14 11:54:37,361 - WARNING - Attempt 6 at connecting failed: OSError: [Errno 101] Network is unreachable
2025-02-14 11:54:38,363 - INFO - Failed reconnection attempt 4 with ConnectionError
2025-02-14 11:54:39,366 - INFO - Connecting to 149.154.167.91:443/TcpFull...
2025-02-14 11:54:39,372 - WARNING - Attempt 1 at connecting failed: OSError: [Errno 101] Network is unreachable
2025-02-14 11:54:40,378 - WARNING - Attempt 2 at connecting failed: OSError: [Errno 101] Network is unreachable
2025-02-14 11:54:41,386 - WARNING - Attempt 3 at connecting failed: OSError: [Errno 101] Network is unreachable
2025-02-14 11:54:42,390 - WARNING - Attempt 4 at connecting failed: OSError: [Errno 101] Network is unreachable
2025-02-14 11:54:43,397 - WARNING - Attempt 5 at connecting failed: OSError: [Errno 101] Network is unreachable
2025-02-14 11:54:44,405 - WARNING - Attempt 6 at connecting failed: OSError: [Errno 101] Network is unreachable
2025-02-14 11:54:45,409 - INFO - Failed reconnection attempt 5 with ConnectionError
2025-02-14 11:54:46,412 - ERROR - Automatic reconnection failed 5 time(s)
2025-02-14 11:54:46,415 - INFO - Disconnecting from 149.154.167.91:443/TcpFull...
2025-02-14 11:54:46,417 - INFO - Disconnection from 149.154.167.91:443/TcpFull complete!
2025-02-14 11:54:46,419 - INFO - Not disconnecting (already have no connection)
2025-02-14 11:54:46,492 - ERROR - Task exception was never retrieved
future: <Task finished name='Task-3' coro=<start_monitoring() done, defined at /home/userland/xcute/telegram_monitor.py:63> exception=ConnectionError('Connection to Telegram failed 5 time(s)')>
Traceback (most recent call last):
  File "/home/userland/xcute/telegram_monitor.py", line 66, in start_monitoring
    await client.run_until_disconnected()
  File "/usr/local/lib/python3.10/dist-packages/telethon/client/updates.py", line 36, in _run_until_disconnected
    result = await self.disconnected
ConnectionError: Connection to Telegram failed 5 time(s)
2025-02-14 12:00:36,064 - INFO - Server is shutting down...
2025-02-14 12:11:14,054 - INFO - Server is starting up...
2025-02-14 12:11:14,059 - INFO - Connecting to 149.154.167.91:443/TcpFull...
2025-02-14 12:11:14,284 - INFO - Connection to 149.154.167.91:443/TcpFull complete!
2025-02-14 12:11:16,230 - INFO - Telegram monitoring started.
2025-02-14 12:12:16,558 - INFO - Detected contract in Savannah Wakanda ℗: BxMZLMzVKsGJAdEN3sqsHmHqFeTbhLYZamiVuEQCpump
2025-02-14 12:12:36,246 - INFO - No contract detected in Solsta's Shills.
2025-02-14 12:14:16,610 - INFO - Detected contract in Savannah Wakanda ℗: DE5owEps8XibqsXtqo1GnMGJy5o8jZbKAS4KNq2spump
2025-02-14 12:19:16,449 - INFO - Detected contract in Savannah Wakanda ℗: CEcWbhBpAYHNKWeLUki7YdYENzGrE5bA8fqeQ7Yspump
2025-02-14 12:19:16,549 - INFO - Detected contract in 4AM Solana Volume Signal: 6ZdxiLhM7rSQjKnYgxGskRX1PFzCL7KK3iYP8KZTpump
2025-02-14 12:20:16,448 - INFO - Detected contract in Savannah Wakanda ℗: 6VqXUhjgNpccwwu39267VWuCspZkdLiYTLHVRS3ppump
2025-02-14 12:23:37,638 - INFO - No contract detected in Solsta's Shills.
2025-02-14 12:24:22,430 - INFO - No contract detected in Solsta's Shills.
2025-02-14 12:26:16,409 - INFO - Got difference for account updates
2025-02-14 12:26:16,652 - INFO - Got difference for channel 2230610122 updates
2025-02-14 12:26:49,676 - INFO - Detected contract in 伟哥社区 · SOL日常交流: FzY8PikkUQCdLXgDHAwZgRKXHBdxHRsLWRcYqRNFpump
2025-02-14 12:26:50,474 - INFO - Got difference for channel 2099286836 updates
2025-02-14 12:26:50,486 - INFO - Detected contract in 伟哥社区 · SOL日常交流: FzY8PikkUQCdLXgDHAwZgRKXHBdxHRsLWRcYqRNFpump
2025-02-14 12:27:08,309 - INFO - No contract detected in 伟哥社区 · SOL日常交流.
2025-02-14 12:27:17,570 - INFO - Got difference for channel 2099286836 updates
2025-02-14 12:28:14,477 - INFO - Got difference for channel 2099286836 updates
2025-02-14 12:28:14,669 - INFO - Got difference for channel 2230610122 updates
2025-02-14 12:28:36,052 - WARNING - Server closed the connection: [Errno 103] Software caused connection abort
2025-02-14 12:28:36,065 - INFO - Connection closed while receiving data: [Errno 103] Software caused connection abort
2025-02-14 12:28:36,067 - INFO - Closing current connection to begin reconnect...
2025-02-14 12:28:36,084 - INFO - Connecting to 149.154.167.91:443/TcpFull...
2025-02-14 12:28:36,107 - INFO - <class 'ConnectionAbortedError'> during disconnect: [Errno 103] Software caused connection abort
2025-02-14 12:28:36,108 - WARNING - Attempt 1 at connecting failed: OSError: [Errno 101] Network is unreachable
2025-02-14 12:28:37,118 - WARNING - Attempt 2 at connecting failed: OSError: [Errno 101] Network is unreachable
2025-02-14 12:28:38,123 - WARNING - Attempt 3 at connecting failed: OSError: [Errno 101] Network is unreachable
2025-02-14 12:28:39,129 - WARNING - Attempt 4 at connecting failed: OSError: [Errno 101] Network is unreachable
2025-02-14 12:28:40,135 - WARNING - Attempt 5 at connecting failed: OSError: [Errno 101] Network is unreachable
2025-02-14 12:28:41,143 - WARNING - Attempt 6 at connecting failed: OSError: [Errno 101] Network is unreachable
2025-02-14 12:28:42,147 - INFO - Failed reconnection attempt 1 with ConnectionError
2025-02-14 12:28:43,149 - INFO - Connecting to 149.154.167.91:443/TcpFull...
2025-02-14 12:28:43,152 - WARNING - Attempt 1 at connecting failed: OSError: [Errno 101] Network is unreachable
2025-02-14 12:28:44,157 - WARNING - Attempt 2 at connecting failed: OSError: [Errno 101] Network is unreachable
2025-02-14 12:28:45,161 - WARNING - Attempt 3 at connecting failed: OSError: [Errno 101] Network is unreachable
2025-02-14 12:28:46,166 - WARNING - Attempt 4 at connecting failed: OSError: [Errno 101] Network is unreachable
2025-02-14 12:28:48,780 - WARNING - Attempt 5 at connecting failed: OSError: [Errno 101] Network is unreachable
2025-02-14 12:28:49,785 - WARNING - Attempt 6 at connecting failed: OSError: [Errno 101] Network is unreachable
2025-02-14 12:28:50,787 - INFO - Failed reconnection attempt 2 with ConnectionError
2025-02-14 12:28:51,791 - INFO - Connecting to 149.154.167.91:443/TcpFull...
2025-02-14 12:28:51,796 - WARNING - Attempt 1 at connecting failed: OSError: [Errno 101] Network is unreachable
2025-02-14 12:28:52,803 - WARNING - Attempt 2 at connecting failed: OSError: [Errno 101] Network is unreachable
2025-02-14 12:28:53,816 - WARNING - Attempt 3 at connecting failed: OSError: [Errno 101] Network is unreachable
2025-02-14 12:28:54,829 - WARNING - Attempt 4 at connecting failed: OSError: [Errno 101] Network is unreachable
2025-02-14 12:28:55,836 - WARNING - Attempt 5 at connecting failed: OSError: [Errno 101] Network is unreachable
2025-02-14 12:28:56,842 - WARNING - Attempt 6 at connecting failed: OSError: [Errno 101] Network is unreachable
2025-02-14 12:28:57,845 - INFO - Failed reconnection attempt 3 with ConnectionError
2025-02-14 12:28:58,848 - INFO - Connecting to 149.154.167.91:443/TcpFull...
2025-02-14 12:28:58,855 - WARNING - Attempt 1 at connecting failed: OSError: [Errno 101] Network is unreachable
2025-02-14 12:28:59,866 - WARNING - Attempt 2 at connecting failed: OSError: [Errno 101] Network is unreachable
2025-02-14 12:29:00,875 - WARNING - Attempt 3 at connecting failed: OSError: [Errno 101] Network is unreachable
2025-02-14 12:29:01,884 - WARNING - Attempt 4 at connecting failed: OSError: [Errno 101] Network is unreachable
2025-02-14 12:29:02,890 - WARNING - Attempt 5 at connecting failed: OSError: [Errno 101] Network is unreachable
2025-02-14 12:29:03,896 - WARNING - Attempt 6 at connecting failed: OSError: [Errno 101] Network is unreachable
2025-02-14 12:29:04,899 - INFO - Failed reconnection attempt 4 with ConnectionError
2025-02-14 12:29:05,902 - INFO - Connecting to 149.154.167.91:443/TcpFull...
2025-02-14 12:29:05,908 - WARNING - Attempt 1 at connecting failed: OSError: [Errno 101] Network is unreachable
2025-02-14 12:29:06,916 - WARNING - Attempt 2 at connecting failed: OSError: [Errno 101] Network is unreachable
2025-02-14 12:29:07,921 - WARNING - Attempt 3 at connecting failed: OSError: [Errno 101] Network is unreachable
2025-02-14 12:29:08,927 - WARNING - Attempt 4 at connecting failed: OSError: [Errno 101] Network is unreachable
2025-02-14 12:29:09,933 - WARNING - Attempt 5 at connecting failed: OSError: [Errno 101] Network is unreachable
2025-02-14 12:29:10,940 - WARNING - Attempt 6 at connecting failed: OSError: [Errno 101] Network is unreachable
2025-02-14 12:29:11,942 - INFO - Failed reconnection attempt 5 with ConnectionError
2025-02-14 12:29:12,945 - ERROR - Automatic reconnection failed 5 time(s)
2025-02-14 12:29:12,946 - INFO - Disconnecting from 149.154.167.91:443/TcpFull...
2025-02-14 12:29:12,947 - INFO - Disconnection from 149.154.167.91:443/TcpFull complete!
2025-02-14 12:29:12,950 - INFO - Not disconnecting (already have no connection)
2025-02-14 12:29:13,012 - ERROR - Task exception was never retrieved
future: <Task finished name='Task-3' coro=<start_monitoring() done, defined at /home/userland/xcute/telegram_monitor.py:64> exception=ConnectionError('Connection to Telegram failed 5 time(s)')>
Traceback (most recent call last):
  File "/home/userland/xcute/telegram_monitor.py", line 67, in start_monitoring
    await client.run_until_disconnected()
  File "/usr/local/lib/python3.10/dist-packages/telethon/client/updates.py", line 36, in _run_until_disconnected
    result = await self.disconnected
ConnectionError: Connection to Telegram failed 5 time(s)
2025-02-14 12:46:16,707 - INFO - Server is shutting down...
2025-02-14 12:47:15,352 - INFO - Server is starting up...
2025-02-14 12:47:15,355 - INFO - Connecting to 149.154.167.91:443/TcpFull...
2025-02-14 12:47:15,696 - INFO - Connection to 149.154.167.91:443/TcpFull complete!
2025-02-14 12:47:16,680 - INFO - Telegram monitoring started.
2025-02-14 13:01:17,980 - INFO - Detected contract in Savannah Wakanda ℗: 2qpCto9DoHqNyYoweBtvkxtMMf9WtvAG6Xee4Ajhpump
2025-02-14 13:02:16,763 - INFO - Got difference for account updates
2025-02-14 13:03:17,391 - INFO - Got difference for channel 2333406905 updates
2025-02-14 13:04:17,764 - INFO - No contract detected in 4AM Solana Volume Signal.
2025-02-14 13:04:29,197 - INFO - No contract detected in Ram's Gems Calls ✨ (ONLY CHANNEL).
2025-02-14 13:07:32,632 - INFO - No contract detected in 伟哥社区 · SOL日常交流.
2025-02-14 13:07:50,287 - INFO - No contract detected in 伟哥社区 · SOL日常交流.
2025-02-14 13:08:03,861 - INFO - No contract detected in 伟哥社区 · SOL日常交流.
2025-02-14 13:08:38,775 - INFO - No contract detected in 伟哥社区 · SOL日常交流.
2025-02-14 13:08:52,428 - INFO - No contract detected in 伟哥社区 · SOL日常交流.
2025-02-14 13:09:18,085 - INFO - Detected contract in Savannah Wakanda ℗: ApBHrnRKkfzahRMS2288BkCU56KsCRcRm7LLrZC3pump
2025-02-14 13:11:00,295 - INFO - No contract detected in 伟哥社区 · SOL日常交流.
2025-02-14 13:11:06,487 - INFO - No contract detected in 伟哥社区 · SOL日常交流.
2025-02-14 13:11:18,295 - INFO - Detected contract in Savannah Wakanda ℗: Bp78d43kjcqRhNFfrBm5wgBiApRYcTwce2DExHCrpump
2025-02-14 13:12:31,897 - INFO - No contract detected in 伟哥社区 · SOL日常交流.
2025-02-14 13:13:18,359 - INFO - Detected contract in Savannah Wakanda ℗: 5FRdZhgyeFciFvdxbMXUcVtob9WWSQaFiYnbKmuUpump
2025-02-14 13:13:26,573 - INFO - No contract detected in 伟哥社区 · SOL日常交流.
2025-02-14 13:13:56,260 - INFO - Server is shutting down...
2025-02-14 13:17:22,052 - INFO - Server is starting up...
2025-02-14 13:17:22,060 - INFO - Connecting to 149.154.167.91:443/TcpFull...
2025-02-14 13:17:22,341 - INFO - Connection to 149.154.167.91:443/TcpFull complete!
2025-02-14 13:17:24,469 - INFO - Telegram monitoring started.
2025-02-14 13:18:24,550 - INFO - No contract detected in 4AM Solana Volume Signal.
2025-02-14 13:18:24,613 - INFO - Detected contract in Savannah Wakanda ℗: DariUNjYueuCpof33rygxuXkYsWXpiZFFY3rXUGGpump
2025-02-14 13:22:24,657 - INFO - Detected contract in 4AM Solana Volume Signal: HSdC8CMEm4ApDPswKvfCxphPm38BTSqatgt8acEipump
2025-02-14 13:24:50,719 - INFO - No contract detected in 伟哥社区 · SOL日常交流.
2025-02-14 13:25:24,749 - INFO - No contract detected in 4AM Solana Volume Signal.
2025-02-14 13:32:24,556 - INFO - Got difference for account updates
2025-02-14 13:32:24,573 - INFO - Detected contract in 4AM Solana Volume Signal: FZNvLuY7DatfVQoti3abFD6Jkfw6EuEyWgo4Hb1spump
2025-02-14 13:32:24,756 - INFO - Got difference for channel 2230610122 updates
2025-02-14 13:32:24,993 - INFO - Got difference for channel 1835067347 updates
2025-02-14 13:32:25,274 - INFO - Got difference for channel 2099286836 updates
2025-02-14 13:34:25,971 - INFO - Got difference for channel 2099286836 updates
2025-02-14 13:35:25,854 - INFO - Got difference for channel 2230610122 updates
2025-02-14 13:35:26,246 - INFO - Got difference for channel 2099286836 updates
2025-02-14 13:37:25,851 - INFO - Got difference for channel 2099286836 updates
2025-02-14 13:38:25,867 - INFO - Got difference for channel 2099286836 updates
2025-02-14 13:39:25,971 - INFO - Got difference for channel 2230610122 updates
2025-02-14 13:39:50,951 - INFO - Detected contract in 4AM Solana Volume Signal: 711PezambQFSMgivaCXu96FWnGXsG7zb9U1fqWNtpump
2025-02-14 13:39:51,713 - INFO - Got difference for channel 2099286836 updates
2025-02-14 13:40:25,205 - INFO - Detected contract in Savannah Wakanda ℗: A2zFMUQ5xn1x4X9kaVB5tXARLk2qRvGchuVo9bB2pump
2025-02-14 13:40:48,137 - INFO - Got difference for channel 2099286836 updates
2025-02-14 13:41:25,198 - INFO - Detected contract in Savannah Wakanda ℗: 5FRdZhgyeFciFvdxbMXUcVtob9WWSQaFiYnbKmuUpump
2025-02-14 13:41:25,946 - INFO - Got difference for channel 2099286836 updates
2025-02-14 13:43:26,721 - INFO - Got difference for channel 2099286836 updates
2025-02-14 13:43:26,921 - INFO - Got difference for channel 2230610122 updates
2025-02-14 13:43:28,284 - INFO - Server is shutting down...
2025-02-14 13:48:31,548 - INFO - Server is starting up...
2025-02-14 13:48:31,555 - INFO - Connecting to 149.154.167.91:443/TcpFull...
2025-02-14 13:48:31,698 - INFO - Connection to 149.154.167.91:443/TcpFull complete!
2025-02-14 13:48:33,112 - INFO - Telegram monitoring started.
2025-02-14 13:49:12,972 - INFO - Server is shutting down...
2025-02-14 13:50:21,296 - INFO - Server is starting up...
2025-02-14 13:50:21,298 - INFO - Connecting to 149.154.167.91:443/TcpFull...
2025-02-14 13:50:21,460 - INFO - Connection to 149.154.167.91:443/TcpFull complete!
2025-02-14 13:50:22,548 - INFO - Telegram monitoring started.
2025-02-14 13:50:41,139 - INFO - Server is shutting down...
2025-02-14 13:51:15,886 - INFO - Server is starting up...
2025-02-14 13:51:15,887 - INFO - Connecting to 149.154.167.91:443/TcpFull...
2025-02-14 13:51:16,054 - INFO - Connection to 149.154.167.91:443/TcpFull complete!
2025-02-14 13:51:17,181 - INFO - Telegram monitoring started.
2025-02-14 13:51:44,290 - INFO - No contract detected in 伟哥社区 · SOL日常交流.
2025-02-14 13:51:44,294 - INFO - No contract detected in 4AM Solana Volume Signal.
2025-02-14 13:53:17,351 - INFO - No contract detected in 4AM Solana Volume Signal.
2025-02-14 13:54:17,376 - INFO - No contract detected in 4AM Solana Volume Signal.
2025-02-14 13:58:30,553 - INFO - No contract detected in 伟哥社区 · SOL日常交流.
2025-02-14 14:03:06,047 - INFO - Server is shutting down...
2025-02-14 14:16:42,759 - INFO - Server is starting up...
2025-02-14 14:16:42,762 - INFO - Connecting to 149.154.167.91:443/TcpFull...
2025-02-14 14:16:44,062 - INFO - Connection to 149.154.167.91:443/TcpFull complete!
2025-02-14 14:16:46,160 - INFO - Telegram monitoring started.
2025-02-14 14:18:46,261 - INFO - Detected contract in Savannah Wakanda ℗: 5FRdZhgyeFciFvdxbMXUcVtob9WWSQaFiYnbKmuUpump
2025-02-14 14:18:46,297 - INFO - Detected contract in Savannah Wakanda ℗: A2FNh2aP94idjYTZd1qdy5k97r5QiC231ULnSFpjpump
2025-02-14 14:18:46,371 - INFO - No contract detected in 4AM Solana Volume Signal.
2025-02-14 14:22:47,011 - INFO - No contract detected in 4AM Solana Volume Signal.
2025-02-14 14:23:46,501 - INFO - Detected contract in 4AM Solana Volume Signal: G3b3uF782kcGUDAapdiNrXAkVtmbtfVU6Ffc8nTnpump
2025-02-14 14:23:46,507 - INFO - No contract detected in 4AM Solana Volume Signal.
2025-02-14 14:24:46,514 - INFO - Detected contract in Savannah Wakanda ℗: 73hEPZu8WWmSAuA1p1UxstbJfCRJJczFR48vL2GMpump
2025-02-14 14:24:47,004 - INFO - Detected contract in Savannah Wakanda ℗: 7VA1kmMsg1DfP4S3LRP5cRePpFesBdLE233bpzaTpump
2025-02-14 14:24:48,519 - INFO - Detected contract in 💰财来社区💰八方来财🔥: 4SZ4afU7252hRKdUj99fuNSuUYV3nijKbKggzJ4npump
2025-02-14 14:24:49,439 - INFO - Detected contract in 💰财来社区💰八方来财🔥: 4SZ4afU7252hRKdUj99fuNSuUYV3nijKbKggzJ4npump
2025-02-14 14:26:48,229 - INFO - Detected contract in Savannah Wakanda ℗: GckL4rRANbhDxVokQbno8ruGPmAcRzQ1Y1Xd7gripump
2025-02-14 14:27:46,596 - INFO - Detected contract in Savannah Wakanda ℗: CaPiG8CRYwGHHwbX3e8TVLrZDXpyxDA2X4R9ggTPpump
2025-02-14 14:27:46,865 - INFO - Detected contract in Savannah Wakanda ℗: 6VHEeqTYEkL3QxQbNEoWF3ZrNiLstDTRFzgcaGcqpump
2025-02-14 14:30:46,821 - INFO - No contract detected in 4AM Solana Volume Signal.
2025-02-14 14:30:47,275 - INFO - Detected contract in Savannah Wakanda ℗: EdQUQrWc2HBbK1fYYaSBjAc5aanhWjXmXemLkbJjpump
2025-02-14 14:31:46,407 - INFO - Got difference for account updates
2025-02-14 14:31:46,413 - INFO - No contract detected in 4AM Solana Volume Signal.
2025-02-14 14:31:46,631 - INFO - Got difference for channel 1835067347 updates
2025-02-14 14:32:46,917 - INFO - No contract detected in 4AM Solana Volume Signal.
2025-02-14 14:32:47,459 - INFO - Got difference for channel 2099286836 updates
2025-02-14 14:33:46,617 - INFO - Got difference for channel 2333406905 updates
2025-02-14 14:33:47,538 - INFO - Got difference for channel 2099286836 updates
2025-02-14 14:34:47,040 - INFO - No contract detected in 4AM Solana Volume Signal.
2025-02-14 14:34:47,560 - INFO - Got difference for channel 2099286836 updates
2025-02-14 14:35:47,073 - INFO - Detected contract in 4AM Solana Volume Signal: 9F9qsazLnhL6NbCDgxfwVE1ePh3EpqiwEN5Sadhspump
2025-02-14 14:35:47,662 - INFO - Got difference for channel 2099286836 updates
2025-02-14 14:36:47,402 - INFO - Detected contract in Savannah Wakanda ℗: 7VA1kmMsg1DfP4S3LRP5cRePpFesBdLE233bpzaTpump
2025-02-14 14:36:48,250 - INFO - Got difference for channel 2099286836 updates
2025-02-14 14:37:47,861 - INFO - Got difference for channel 2099286836 updates
2025-02-14 14:38:47,035 - INFO - Detected contract in Savannah Wakanda ℗: 6L57zuPsUrk3q5KV4zFw4u2YGNscZB5z3xwtkYz2pump
2025-02-14 14:38:47,609 - INFO - Got difference for channel 2099286836 updates
2025-02-14 14:39:37,780 - INFO - Got difference for channel 2230610122 updates
2025-02-14 14:39:38,027 - INFO - Got difference for channel 2099286836 updates
2025-02-14 14:40:47,521 - INFO - Detected contract in Savannah Wakanda ℗: 9ZizKgaocCmJFB1rqBMPBMqvCEwpfHWzQQUcQyNYpump
2025-02-14 14:40:47,540 - INFO - Detected contract in Savannah Wakanda ℗: 7VA1kmMsg1DfP4S3LRP5cRePpFesBdLE233bpzaTpump
2025-02-14 14:40:47,906 - INFO - Got difference for channel 2099286836 updates
2025-02-14 14:41:48,402 - INFO - Got difference for channel 2099286836 updates
2025-02-14 14:42:19,687 - INFO - No contract detected in 伟哥社区 · SOL日常交流.
2025-02-14 14:42:19,742 - INFO - No contract detected in 伟哥社区 · SOL日常交流.
2025-02-14 14:42:21,283 - INFO - No contract detected in 伟哥社区 · SOL日常交流.
2025-02-14 14:42:22,070 - INFO - Got difference for channel 2099286836 updates
2025-02-14 14:42:48,093 - INFO - Got difference for channel 2099286836 updates
2025-02-14 14:43:48,171 - INFO - Got difference for channel 2099286836 updates
2025-02-14 14:44:38,799 - INFO - Got difference for channel 2099286836 updates
2025-02-14 14:45:38,255 - INFO - Got difference for channel 2099286836 updates
2025-02-14 14:46:36,217 - INFO - Got difference for account updates
2025-02-14 14:46:36,413 - INFO - Got difference for channel 2230610122 updates
2025-02-14 14:46:36,612 - INFO - Got difference for channel 2099286836 updates
2025-02-14 14:46:36,783 - INFO - Got difference for channel 1835067347 updates
2025-02-14 14:47:38,451 - INFO - Got difference for channel 2099286836 updates
2025-02-14 14:48:37,573 - INFO - Got difference for channel 2099286836 updates
2025-02-14 14:49:49,323 - INFO - Detected contract in Savannah Wakanda ℗: 4N48fRZb7tR8HcgNYRsgKqd9CbiWw6h9KFiBMpE9pump
2025-02-14 14:49:49,834 - INFO - Got difference for channel 2099286836 updates
2025-02-14 14:50:49,801 - INFO - Got difference for channel 2099286836 updates
2025-02-14 14:51:49,212 - INFO - Detected contract in Savannah Wakanda ℗: 6L57zuPsUrk3q5KV4zFw4u2YGNscZB5z3xwtkYz2pump
2025-02-14 14:51:49,979 - INFO - Got difference for channel 2099286836 updates
2025-02-14 14:52:48,360 - INFO - Detected contract in Savannah Wakanda ℗: 4jcXG5Si7eaAif6FF7z4P4LkQYobvS5qrSFHhY5Apump
2025-02-14 14:52:48,795 - INFO - Got difference for channel 2099286836 updates
2025-02-14 14:53:49,808 - INFO - Detected contract in 4AM Solana Volume Signal: 6L57zuPsUrk3q5KV4zFw4u2YGNscZB5z3xwtkYz2pump
2025-02-14 14:53:50,272 - INFO - Got difference for channel 2099286836 updates
2025-02-14 14:54:49,323 - INFO - Detected contract in Savannah Wakanda ℗: 6L57zuPsUrk3q5KV4zFw4u2YGNscZB5z3xwtkYz2pump
2025-02-14 14:54:49,971 - INFO - Got difference for channel 2099286836 updates
2025-02-14 14:55:50,163 - INFO - Got difference for channel 2099286836 updates
2025-02-14 14:56:41,041 - INFO - Detected contract in Savannah Wakanda ℗: 6L57zuPsUrk3q5KV4zFw4u2YGNscZB5z3xwtkYz2pump
2025-02-14 14:56:41,857 - INFO - Got difference for channel 2099286836 updates
2025-02-14 14:56:49,517 - INFO - Detected contract in Savannah Wakanda ℗: 6j4usvDy3fY75ep35vm7ip4Vtv5LncTtMdGXE5sdpump
2025-02-14 14:57:16,273 - INFO - Server is shutting down...
2025-02-15 14:13:36,264 - INFO - [31m[1mWARNING: This is a development server. Do not use it in a production deployment. Use a production WSGI server instead.[0m
 * Running on all addresses (0.0.0.0)
 * Running on http://127.0.0.1:8000
 * Running on http://192.168.0.176:8000
2025-02-15 14:13:36,269 - INFO - [33mPress CTRL+C to quit[0m
2025-02-15 14:13:36,270 - INFO -  * Restarting with stat
2025-02-15 14:13:44,609 - WARNING -  * Debugger is active!
2025-02-15 14:13:44,635 - INFO -  * Debugger PIN: 842-792-968
2025-02-15 14:14:27,526 - INFO - 127.0.0.1 - - [15/Feb/2025 14:14:27] "[35m[1mGET /ws HTTP/1.1[0m" 500 -
2025-02-15 14:14:27,691 - INFO - 127.0.0.1 - - [15/Feb/2025 14:14:27] "[35m[1mGET /favicon.ico HTTP/1.1[0m" 500 -
2025-02-15 14:32:19,434 - INFO - 127.0.0.1 - - [15/Feb/2025 14:32:19] "[35m[1mGET / HTTP/1.1[0m" 500 -
2025-02-15 14:32:19,583 - INFO - 127.0.0.1 - - [15/Feb/2025 14:32:19] "GET /?__debugger__=yes&cmd=resource&f=style.css HTTP/1.1" 200 -
2025-02-15 14:32:19,588 - INFO - 127.0.0.1 - - [15/Feb/2025 14:32:19] "GET /?__debugger__=yes&cmd=resource&f=debugger.js HTTP/1.1" 200 -
2025-02-15 14:32:20,029 - INFO - 127.0.0.1 - - [15/Feb/2025 14:32:20] "GET /?__debugger__=yes&cmd=resource&f=console.png&s=U327YkZudvZ66cUf8eNS HTTP/1.1" 200 -
2025-02-15 14:32:20,136 - INFO - 127.0.0.1 - - [15/Feb/2025 14:32:20] "GET /?__debugger__=yes&cmd=resource&f=console.png HTTP/1.1" 200 -
2025-02-15 14:51:35,395 - INFO - Connecting to 149.154.167.91:443/TcpFull...
2025-02-15 14:51:35,532 - INFO - Connection to 149.154.167.91:443/TcpFull complete!
2025-02-15 14:51:36,930 - INFO - Telegram monitoring started.
2025-02-15 14:56:37,648 - INFO - Detected contract in Savannah Wakanda ℗: 7F5Mq4ZSsCyRTFwVn9cpVhyntUXtKS9CJv9pKR75pump
2025-02-15 14:56:37,654 - ERROR - Unhandled exception on new_message_handler
Traceback (most recent call last):
  File "/usr/local/lib/python3.10/dist-packages/telethon/client/updates.py", line 570, in _dispatch_update
    await callback(event)
  File "/home/userland/xcute/telegram_monitor.py", line 58, in new_message_handler
    await buy_token(contract_address)
NameError: name 'buy_token' is not defined
2025-02-15 14:58:37,415 - INFO - No contract detected in 4AM Solana Volume Signal.
2025-02-15 14:58:37,452 - INFO - Detected contract in Savannah Wakanda ℗: 7F5Mq4ZSsCyRTFwVn9cpVhyntUXtKS9CJv9pKR75pump
2025-02-15 14:58:37,453 - ERROR - Unhandled exception on new_message_handler
Traceback (most recent call last):
  File "/usr/local/lib/python3.10/dist-packages/telethon/client/updates.py", line 570, in _dispatch_update
    await callback(event)
  File "/home/userland/xcute/telegram_monitor.py", line 58, in new_message_handler
    await buy_token(contract_address)
NameError: name 'buy_token' is not defined
2025-02-15 15:00:04,845 - INFO - Detected contract in Savannah Wakanda ℗: 7F5Mq4ZSsCyRTFwVn9cpVhyntUXtKS9CJv9pKR75pump
2025-02-15 15:00:04,848 - ERROR - Unhandled exception on new_message_handler
Traceback (most recent call last):
  File "/usr/local/lib/python3.10/dist-packages/telethon/client/updates.py", line 570, in _dispatch_update
    await callback(event)
  File "/home/userland/xcute/telegram_monitor.py", line 58, in new_message_handler
    await buy_token(contract_address)
NameError: name 'buy_token' is not defined
2025-02-15 15:02:01,708 - INFO - No contract detected in 伟哥社区 · SOL日常交流.
2025-02-15 15:02:50,325 - INFO - No contract detected in 伟哥社区 · SOL日常交流.
2025-02-15 15:04:37,711 - INFO - No contract detected in 4AM Solana Volume Signal.
2025-02-15 15:05:37,902 - INFO - Detected contract in Savannah Wakanda ℗: 7F5Mq4ZSsCyRTFwVn9cpVhyntUXtKS9CJv9pKR75pump
2025-02-15 15:05:37,906 - ERROR - Unhandled exception on new_message_handler
Traceback (most recent call last):
  File "/usr/local/lib/python3.10/dist-packages/telethon/client/updates.py", line 570, in _dispatch_update
    await callback(event)
  File "/home/userland/xcute/telegram_monitor.py", line 58, in new_message_handler
    await buy_token(contract_address)
NameError: name 'buy_token' is not defined
2025-02-15 15:06:36,948 - INFO - Got difference for account updates
2025-02-15 15:06:36,955 - INFO - No contract detected in 4AM Solana Volume Signal.
2025-02-15 15:06:37,125 - INFO - Got difference for channel 2230610122 updates
2025-02-15 15:06:37,656 - INFO - Got difference for channel 1835067347 updates
2025-02-15 15:06:38,368 - INFO - Got difference for channel 2099286836 updates
2025-02-15 15:07:37,278 - INFO - Detected contract in Savannah Wakanda ℗: 7F5Mq4ZSsCyRTFwVn9cpVhyntUXtKS9CJv9pKR75pump
2025-02-15 15:07:37,279 - ERROR - Unhandled exception on new_message_handler
Traceback (most recent call last):
  File "/usr/local/lib/python3.10/dist-packages/telethon/client/updates.py", line 570, in _dispatch_update
    await callback(event)
  File "/home/userland/xcute/telegram_monitor.py", line 58, in new_message_handler
    await buy_token(contract_address)
NameError: name 'buy_token' is not defined
2025-02-15 15:07:38,076 - INFO - Got difference for channel 2099286836 updates
2025-02-15 15:08:39,324 - INFO - Got difference for channel 2099286836 updates
2025-02-15 15:09:39,419 - INFO - Got difference for channel 2099286836 updates
2025-02-15 15:10:38,861 - INFO - No contract detected in 4AM Solana Volume Signal.
2025-02-15 15:10:39,432 - INFO - Got difference for channel 2099286836 updates
2025-02-15 15:11:38,807 - INFO - No contract detected in 4AM Solana Volume Signal.
2025-02-15 15:11:38,888 - INFO - Detected contract in Savannah Wakanda ℗: 7F5Mq4ZSsCyRTFwVn9cpVhyntUXtKS9CJv9pKR75pump
2025-02-15 15:11:38,892 - ERROR - Unhandled exception on new_message_handler
Traceback (most recent call last):
  File "/usr/local/lib/python3.10/dist-packages/telethon/client/updates.py", line 570, in _dispatch_update
    await callback(event)
  File "/home/userland/xcute/telegram_monitor.py", line 58, in new_message_handler
    await buy_token(contract_address)
NameError: name 'buy_token' is not defined
2025-02-15 15:11:39,775 - INFO - Got difference for channel 2099286836 updates
2025-02-15 15:12:38,844 - INFO - No contract detected in 4AM Solana Volume Signal.
2025-02-15 15:12:39,622 - INFO - Got difference for channel 2099286836 updates
2025-02-15 15:12:48,199 - INFO - No contract detected in 4AM Solana Volume Signal.
2025-02-15 15:13:37,782 - INFO - Got difference for channel 2265463352 updates
2025-02-15 15:13:37,786 - INFO - No contract detected in 4AM Solana Volume Signal.
2025-02-15 15:13:37,798 - INFO - Detected contract in Savannah Wakanda ℗: 7F5Mq4ZSsCyRTFwVn9cpVhyntUXtKS9CJv9pKR75pump
2025-02-15 15:13:37,799 - ERROR - Unhandled exception on new_message_handler
Traceback (most recent call last):
  File "/usr/local/lib/python3.10/dist-packages/telethon/client/updates.py", line 570, in _dispatch_update
    await callback(event)
  File "/home/userland/xcute/telegram_monitor.py", line 58, in new_message_handler
    await buy_token(contract_address)
NameError: name 'buy_token' is not defined
2025-02-15 15:13:38,497 - INFO - Got difference for channel 1835067347 updates
2025-02-15 15:13:38,750 - INFO - Got difference for channel 2099286836 updates
2025-02-15 15:14:39,258 - INFO - No contract detected in 4AM Solana Volume Signal.
2025-02-15 15:14:39,771 - INFO - Got difference for channel 2099286836 updates
2025-02-15 15:15:39,191 - INFO - Detected contract in Savannah Wakanda ℗: 7F5Mq4ZSsCyRTFwVn9cpVhyntUXtKS9CJv9pKR75pump
2025-02-15 15:15:39,194 - ERROR - Unhandled exception on new_message_handler
Traceback (most recent call last):
  File "/usr/local/lib/python3.10/dist-packages/telethon/client/updates.py", line 570, in _dispatch_update
    await callback(event)
  File "/home/userland/xcute/telegram_monitor.py", line 58, in new_message_handler
    await buy_token(contract_address)
NameError: name 'buy_token' is not defined
2025-02-15 15:15:39,872 - INFO - Got difference for channel 2230610122 updates
2025-02-15 15:15:40,128 - INFO - Got difference for channel 2099286836 updates
2025-02-15 15:16:40,078 - INFO - Got difference for channel 2099286836 updates
2025-02-15 15:17:40,117 - INFO - Got difference for channel 2099286836 updates
2025-02-15 15:18:23,376 - INFO - No contract detected in 伟哥社区 · SOL日常交流.
2025-02-15 15:18:23,655 - INFO - No contract detected in 伟哥社区 · SOL日常交流.
2025-02-15 15:18:24,052 - INFO - Got difference for channel 2099286836 updates
2025-02-15 15:18:24,121 - INFO - No contract detected in 伟哥社区 · SOL日常交流.
2025-02-15 15:18:28,012 - INFO - Got difference for channel 2020833470 updates
2025-02-15 15:18:28,031 - INFO - No contract detected in 伟哥社区 · SOL日常交流.
2025-02-15 15:18:40,105 - INFO - Got difference for channel 2099286836 updates
2025-02-15 15:19:40,122 - INFO - Got difference for channel 2230610122 updates
2025-02-15 15:19:40,362 - INFO - Got difference for channel 2099286836 updates
2025-02-15 15:20:42,209 - INFO - Got difference for channel 2099286836 updates
2025-02-15 15:21:37,168 - INFO - Got difference for account updates
2025-02-15 15:21:37,332 - INFO - Got difference for channel 2230610122 updates
2025-02-15 15:21:37,560 - INFO - Got difference for channel 2099286836 updates
2025-02-15 15:22:37,784 - INFO - Got difference for channel 2333406905 updates
2025-02-15 15:22:38,638 - INFO - Got difference for channel 2099286836 updates
2025-02-15 15:23:03,443 - INFO - No contract detected in 伟哥社区 · SOL日常交流.
2025-02-15 15:23:40,305 - INFO - No contract detected in Savannah Wakanda ℗.
2025-02-15 15:23:40,409 - INFO - No contract detected in 4AM Solana Volume Signal.
2025-02-15 15:23:41,097 - INFO - Got difference for channel 1835067347 updates
2025-02-15 15:23:41,756 - INFO - Got difference for channel 2099286836 updates
2025-02-15 15:24:39,609 - INFO - No contract detected in 4AM Solana Volume Signal.
2025-02-15 15:24:39,698 - INFO - Detected contract in Savannah Wakanda ℗: 7F5Mq4ZSsCyRTFwVn9cpVhyntUXtKS9CJv9pKR75pump
2025-02-15 15:24:39,699 - ERROR - Unhandled exception on new_message_handler
Traceback (most recent call last):
  File "/usr/local/lib/python3.10/dist-packages/telethon/client/updates.py", line 570, in _dispatch_update
    await callback(event)
  File "/home/userland/xcute/telegram_monitor.py", line 58, in new_message_handler
    await buy_token(contract_address)
NameError: name 'buy_token' is not defined
2025-02-15 15:24:40,541 - INFO - Got difference for channel 2099286836 updates
2025-02-15 15:25:39,690 - INFO - No contract detected in 4AM Solana Volume Signal.
2025-02-15 15:25:40,479 - INFO - Got difference for channel 2099286836 updates
2025-02-15 15:26:40,141 - INFO - Detected contract in Savannah Wakanda ℗: 7F5Mq4ZSsCyRTFwVn9cpVhyntUXtKS9CJv9pKR75pump
2025-02-15 15:26:40,144 - ERROR - Unhandled exception on new_message_handler
Traceback (most recent call last):
  File "/usr/local/lib/python3.10/dist-packages/telethon/client/updates.py", line 570, in _dispatch_update
    await callback(event)
  File "/home/userland/xcute/telegram_monitor.py", line 58, in new_message_handler
    await buy_token(contract_address)
NameError: name 'buy_token' is not defined
2025-02-15 15:26:41,003 - INFO - Got difference for channel 2099286836 updates
2025-02-15 15:27:13,805 - INFO - Disconnecting from 149.154.167.91:443/TcpFull...
2025-02-15 15:27:13,806 - INFO - Disconnection from 149.154.167.91:443/TcpFull complete!
